<?xml version="1.0" encoding="UTF-8" standalone="no"?><testsuite errors="0" failures="0" name="Autenticación en OrangeHRM" skipped="0" tests="7" time="40.05" timestamp="2026-06-19 05:11:08"><testcase name="Iniciar sesión con credenciales válidas"/><testcase name="Iniciar sesión con credenciales incorrectas"/><testcase name="Iniciar sesión con campos vacíos"/><testcase name="Iniciar sesión con usuario inexistente"/><testcase name="Iniciar sesión con caracteres especiales en las credenciales"/><testcase name="Iniciar sesión con espacios en la contraseña"/><testcase name="Cerrar sesión exitosamente"/></testsuite>